2022-11-29 16:31:54.383 [main] INFO  Driver - User launched : http://omayo.blogspot.com/
2022-11-29 16:31:54.394 [main] INFO  FrameworkLogs - Test Started : JSText
2022-11-29 16:31:54.472 [main] INFO  FrameworkLogs - Test Passed : JSText
2022-11-29 16:31:58.651 [main] INFO  Driver - User launched : http://omayo.blogspot.com/
2022-11-29 16:31:58.653 [main] INFO  FrameworkLogs - Test Started : omayoTest1
2022-11-29 16:31:58.878 [main] INFO  LoginPageTests - Username and password provided
2022-11-29 16:31:58.880 [main] INFO  FrameworkLogs - Test Passed : omayoTest1
2022-11-29 16:32:04.203 [main] INFO  Driver - User launched : http://omayo.blogspot.com/
2022-11-29 16:32:04.205 [main] INFO  FrameworkLogs - Test Started : omayoTest2
2022-11-29 16:32:04.237 [main] INFO  LoginPageTests - Scrolled till element visible at bottom
2022-11-29 16:32:07.253 [main] INFO  LoginPageTests - Scrolled till element visible at top
2022-11-29 16:32:10.266 [main] INFO  LoginPageTests - SCROLELD TILL Username 
2022-11-29 16:32:10.269 [main] INFO  FrameworkLogs - Test Passed : omayoTest2
2022-11-29 16:47:34.254 [main] INFO  Driver - User launched : http://omayo.blogspot.com/
2022-11-29 16:47:34.263 [main] INFO  FrameworkLogs - Test Started : JSText
2022-11-29 16:47:34.343 [main] INFO  FrameworkLogs - Test Passed : JSText
2022-11-29 16:47:38.945 [main] INFO  Driver - User launched : http://omayo.blogspot.com/
2022-11-29 16:47:38.947 [main] INFO  FrameworkLogs - Test Started : omayoTest1
2022-11-29 16:47:39.176 [main] INFO  LoginPageTests - Username and password provided
2022-11-29 16:47:39.183 [main] INFO  FrameworkLogs - Test Failed : omayoTest1
2022-11-29 16:47:44.168 [main] INFO  Driver - User launched : http://omayo.blogspot.com/
2022-11-29 16:47:44.170 [main] INFO  FrameworkLogs - Test Started : omayoTest2
2022-11-29 16:47:44.202 [main] INFO  LoginPageTests - Scrolled till element visible at bottom
2022-11-29 16:47:47.222 [main] INFO  LoginPageTests - Scrolled till element visible at top
2022-11-29 16:47:50.234 [main] INFO  LoginPageTests - SCROLELD TILL Username 
2022-11-29 16:47:50.236 [main] INFO  FrameworkLogs - Test Failed : omayoTest2
2022-11-29 17:02:00.818 [main] INFO  Driver - User launched : http://omayo.blogspot.com/
2022-11-29 17:02:00.827 [main] INFO  FrameworkLogs - Test Started : JSText
2022-11-29 17:02:00.909 [main] INFO  FrameworkLogs - Test Passed : JSText
2022-11-29 17:02:04.426 [main] INFO  Driver - User launched : http://omayo.blogspot.com/
2022-11-29 17:02:04.428 [main] INFO  FrameworkLogs - Test Started : omayoTest1
2022-11-29 17:02:04.663 [main] INFO  LoginPageTests - Username and password provided
2022-11-29 17:02:04.668 [main] INFO  FrameworkLogs - Test Failed : omayoTest1
2022-11-29 17:02:09.592 [main] INFO  Driver - User launched : http://omayo.blogspot.com/
2022-11-29 17:02:09.593 [main] INFO  FrameworkLogs - Test Started : omayoTest2
2022-11-29 17:02:09.620 [main] INFO  LoginPageTests - Scrolled till element visible at bottom
2022-11-29 17:02:12.642 [main] INFO  LoginPageTests - Scrolled till element visible at top
2022-11-29 17:02:15.659 [main] INFO  LoginPageTests - SCROLELD TILL Username 
2022-11-29 17:02:15.662 [main] INFO  FrameworkLogs - Test Failed : omayoTest2
2022-11-29 17:04:52.585 [main] INFO  Driver - User launched : http://omayo.blogspot.com/
2022-11-29 17:04:52.596 [main] INFO  FrameworkLogs - Test Started : JSText
2022-11-29 17:04:52.675 [main] INFO  FrameworkLogs - Test Passed : JSText
2022-11-29 17:04:56.877 [main] INFO  Driver - User launched : http://omayo.blogspot.com/
2022-11-29 17:04:56.878 [main] INFO  FrameworkLogs - Test Started : omayoTest1
2022-11-29 17:04:57.104 [main] INFO  LoginPageTests - Username and password provided
2022-11-29 17:04:57.110 [main] INFO  FrameworkLogs - Test Failed : omayoTest1
2022-11-29 17:05:02.530 [main] INFO  Driver - User launched : http://omayo.blogspot.com/
2022-11-29 17:05:02.531 [main] INFO  FrameworkLogs - Test Started : omayoTest2
2022-11-29 17:05:02.559 [main] INFO  LoginPageTests - Scrolled till element visible at bottom
2022-11-29 17:05:05.580 [main] INFO  LoginPageTests - Scrolled till element visible at top
2022-11-29 17:05:08.597 [main] INFO  LoginPageTests - SCROLELD TILL Username 
2022-11-29 17:05:08.601 [main] INFO  FrameworkLogs - Test Failed : omayoTest2
2022-12-01 15:32:19.744 [main] INFO  FrameworkLogs - Test Started : JSText
2022-12-01 15:32:19.774 [main] INFO  FrameworkLogs - Test Started : omayoTest1
2022-12-01 15:32:19.780 [main] INFO  FrameworkLogs - Test Started : omayoTest2
2022-12-01 15:53:46.924 [main] INFO  FrameworkLogs - Test Started : JSText
2022-12-01 15:53:46.936 [main] INFO  FrameworkLogs - Test Started : omayoTest1
2022-12-01 15:53:46.941 [main] INFO  FrameworkLogs - Test Started : omayoTest2
2022-12-01 15:58:09.109 [main] INFO  Driver - User launched : http://omayo.blogspot.com/
2022-12-01 15:58:13.247 [main] INFO  Driver - User launched : http://omayo.blogspot.com/
2022-12-01 15:58:13.461 [main] INFO  LoginPageTests - Username and password provided
2022-12-01 15:58:18.737 [main] INFO  Driver - User launched : http://omayo.blogspot.com/
2022-12-01 15:58:18.769 [main] INFO  LoginPageTests - Scrolled till element visible at bottom
2022-12-01 15:58:21.785 [main] INFO  LoginPageTests - Scrolled till element visible at top
2022-12-01 15:58:24.801 [main] INFO  LoginPageTests - SCROLELD TILL Username 
2022-12-01 15:59:34.796 [main] INFO  Driver - User launched : http://omayo.blogspot.com/
2022-12-01 15:59:34.803 [main] INFO  FrameworkLogs - Test Started : JSText
2022-12-01 15:59:34.883 [main] INFO  FrameworkLogs - Test Passed : JSText
2022-12-01 15:59:56.060 [main] INFO  Driver - User launched : http://omayo.blogspot.com/
2022-12-01 15:59:56.061 [main] INFO  FrameworkLogs - Test Started : omayoTest1
2022-12-01 15:59:56.283 [main] INFO  LoginPageTests - Username and password provided
2022-12-01 15:59:56.290 [main] INFO  FrameworkLogs - Test Failed : omayoTest1
2022-12-01 16:00:16.773 [main] INFO  Driver - User launched : http://omayo.blogspot.com/
2022-12-01 16:00:16.774 [main] INFO  FrameworkLogs - Test Started : omayoTest2
2022-12-01 16:00:16.804 [main] INFO  LoginPageTests - Scrolled till element visible at bottom
2022-12-01 16:00:19.824 [main] INFO  LoginPageTests - Scrolled till element visible at top
2022-12-01 16:00:22.839 [main] INFO  LoginPageTests - SCROLELD TILL Username 
2022-12-01 16:00:22.841 [main] INFO  FrameworkLogs - Test Failed : omayoTest2
2022-12-01 16:02:01.458 [main] INFO  Driver - User launched : http://omayo.blogspot.com/
2022-12-01 16:02:01.465 [main] INFO  FrameworkLogs - Test Started : JSText
2022-12-01 16:02:01.541 [main] INFO  FrameworkLogs - Test Passed : JSText
2022-12-01 16:02:21.817 [main] INFO  Driver - User launched : http://omayo.blogspot.com/
2022-12-01 16:02:21.818 [main] INFO  FrameworkLogs - Test Started : omayoTest1
2022-12-01 16:02:22.040 [main] INFO  LoginPageTests - Username and password provided
2022-12-01 16:02:22.045 [main] INFO  FrameworkLogs - Test Failed : omayoTest1
2022-12-01 16:02:42.505 [main] INFO  Driver - User launched : http://omayo.blogspot.com/
2022-12-01 16:02:42.506 [main] INFO  FrameworkLogs - Test Started : omayoTest2
2022-12-01 16:02:42.534 [main] INFO  LoginPageTests - Scrolled till element visible at bottom
2022-12-01 16:02:45.545 [main] INFO  LoginPageTests - Scrolled till element visible at top
2022-12-01 16:02:48.564 [main] INFO  LoginPageTests - SCROLELD TILL Username 
2022-12-01 16:02:48.566 [main] INFO  FrameworkLogs - Test Failed : omayoTest2
2022-12-01 16:15:41.111 [main] INFO  Driver - User launched : http://omayo.blogspot.com/
2022-12-01 16:15:41.120 [main] INFO  FrameworkLogs - Test Started : JSText
2022-12-01 16:15:41.200 [main] INFO  FrameworkLogs - Test Passed : JSText
2022-12-01 16:15:46.411 [main] INFO  Driver - User launched : http://omayo.blogspot.com/
2022-12-01 16:15:46.413 [main] INFO  FrameworkLogs - Test Started : omayoTest1
2022-12-01 16:15:46.644 [main] INFO  LoginPageTests - Username and password provided
2022-12-01 16:15:46.649 [main] INFO  FrameworkLogs - Test Failed : omayoTest1
2022-12-01 16:16:06.455 [main] INFO  Driver - User launched : http://omayo.blogspot.com/
2022-12-01 16:16:06.456 [main] INFO  FrameworkLogs - Test Started : omayoTest2
2022-12-01 16:16:06.484 [main] INFO  LoginPageTests - Scrolled till element visible at bottom
2022-12-01 16:16:09.501 [main] INFO  LoginPageTests - Scrolled till element visible at top
2022-12-01 16:16:12.525 [main] INFO  LoginPageTests - SCROLELD TILL Username 
2022-12-01 16:16:12.528 [main] INFO  FrameworkLogs - Test Failed : omayoTest2
